TN:
SF:src/parser.ts
FN:1,(anonymous_1)
FN:8,(anonymous_2)
FN:42,instantiateParserObject
FN:79,dereferenceParserObject
FN:89,observationCallback
FN:92,(anonymous_6)
FN:97,(anonymous_7)
FN:107,watcherCallback
FN:108,(anonymous_9)
FN:121,watch
FN:136,(anonymous_11)
FN:148,register
FN:152,(anonymous_13)
FN:173,(anonymous_14)
FN:184,(anonymous_15)
FN:191,byId
FN:195,byNode
FN:199,removeObject
FN:212,parse
FN:218,(anonymous_20)
FN:220,(anonymous_21)
FN:220,(anonymous_22)
FNF:22
FNH:19
FNDA:1,(anonymous_1)
FNDA:1,(anonymous_2)
FNDA:12,instantiateParserObject
FNDA:10,dereferenceParserObject
FNDA:0,observationCallback
FNDA:0,(anonymous_6)
FNDA:0,(anonymous_7)
FNDA:1,watcherCallback
FNDA:3,(anonymous_9)
FNDA:1,watch
FNDA:1,(anonymous_11)
FNDA:8,register
FNDA:2,(anonymous_13)
FNDA:12,(anonymous_14)
FNDA:7,(anonymous_15)
FNDA:1,byId
FNDA:2,byNode
FNDA:10,removeObject
FNDA:5,parse
FNDA:5,(anonymous_20)
FNDA:9,(anonymous_21)
FNDA:9,(anonymous_22)
DA:2,1
DA:3,1
DA:4,1
DA:5,1
DA:6,1
DA:9,1
DA:32,1
DA:34,1
DA:35,1
DA:36,1
DA:42,1
DA:43,12
DA:44,12
DA:45,12
DA:46,12
DA:48,12
DA:49,12
DA:50,12
DA:51,11
DA:52,11
DA:53,4
DA:54,4
DA:57,1
DA:60,10
DA:61,10
DA:62,10
DA:63,4
DA:64,4
DA:65,4
DA:68,10
DA:70,11
DA:79,1
DA:80,10
DA:81,4
DA:83,10
DA:84,10
DA:85,10
DA:89,1
DA:90,0
DA:91,0
DA:92,0
DA:93,0
DA:94,0
DA:95,0
DA:96,0
DA:97,0
DA:98,0
DA:99,0
DA:107,1
DA:108,1
DA:109,3
DA:110,3
DA:112,3
DA:113,0
DA:118,1
DA:119,1
DA:121,1
DA:122,1
DA:123,1
DA:125,1
DA:126,0
DA:127,0
DA:132,1
DA:133,1
DA:135,1
DA:137,1
DA:138,0
DA:139,0
DA:141,1
DA:142,1
DA:146,1
DA:148,1
DA:149,8
DA:150,8
DA:151,8
DA:152,1
DA:153,2
DA:154,0
DA:156,2
DA:157,1
DA:160,1
DA:162,7
DA:163,6
DA:166,1
DA:168,7
DA:169,7
DA:170,1
DA:171,1
DA:173,7
DA:174,12
DA:175,7
DA:177,5
DA:178,5
DA:179,4
DA:183,7
DA:185,7
DA:189,1
DA:191,1
DA:192,1
DA:193,1
DA:195,1
DA:196,2
DA:197,1
DA:199,1
DA:200,10
DA:201,1
DA:212,1
DA:213,5
DA:214,5
DA:215,5
DA:217,5
DA:218,5
DA:219,5
DA:220,9
DA:221,9
DA:222,8
DA:223,7
DA:226,4
DA:228,5
DA:229,1
LF:120
LH:104
BRDA:48,1,0,12
BRDA:48,1,1,0
BRDA:48,2,0,12
BRDA:48,2,1,12
BRDA:50,3,0,11
BRDA:50,3,1,1
BRDA:52,4,0,4
BRDA:52,4,1,7
BRDA:62,5,0,4
BRDA:62,5,1,6
BRDA:64,6,0,4
BRDA:64,6,1,0
BRDA:80,7,0,4
BRDA:80,7,1,6
BRDA:80,8,0,10
BRDA:80,8,1,10
BRDA:80,8,2,4
BRDA:83,9,0,10
BRDA:83,9,1,0
BRDA:83,10,0,10
BRDA:83,10,1,10
BRDA:93,11,0,0
BRDA:93,11,1,0
BRDA:98,12,0,0
BRDA:98,12,1,0
BRDA:109,13,0,3
BRDA:109,13,1,0
BRDA:112,14,0,0
BRDA:112,14,1,3
BRDA:121,15,0,0
BRDA:121,15,1,1
BRDA:122,16,0,1
BRDA:122,16,1,0
BRDA:125,17,0,0
BRDA:125,17,1,1
BRDA:125,18,0,1
BRDA:125,18,1,0
BRDA:132,19,0,1
BRDA:132,19,1,0
BRDA:132,20,0,1
BRDA:132,20,1,1
BRDA:137,21,0,0
BRDA:137,21,1,1
BRDA:141,22,0,1
BRDA:141,22,1,0
BRDA:149,23,0,8
BRDA:149,23,1,8
BRDA:151,24,0,1
BRDA:151,24,1,7
BRDA:151,25,0,8
BRDA:151,25,1,2
BRDA:156,26,0,1
BRDA:156,26,1,1
BRDA:156,27,0,2
BRDA:156,27,1,1
BRDA:157,28,0,1
BRDA:157,28,1,0
BRDA:162,29,0,6
BRDA:162,29,1,1
BRDA:168,30,0,7
BRDA:168,30,1,0
BRDA:169,31,0,1
BRDA:169,31,1,6
BRDA:171,32,0,1
BRDA:171,32,1,0
BRDA:174,33,0,7
BRDA:174,33,1,5
BRDA:178,34,0,4
BRDA:178,34,1,1
BRDA:178,35,0,5
BRDA:178,35,1,4
BRDA:213,36,0,5
BRDA:213,36,1,5
BRDA:213,36,2,0
BRDA:214,37,0,5
BRDA:214,37,1,0
BRDA:222,38,0,7
BRDA:222,38,1,1
BRF:78
BRH:57
end_of_record
TN:
SF:src/has.ts
FN:1,(anonymous_1)
FN:8,(anonymous_2)
FN:21,(anonymous_3)
FN:27,(anonymous_4)
FN:31,(anonymous_5)
FN:44,(anonymous_6)
FN:48,get
FN:77,(anonymous_8)
FNF:8
FNH:5
FNDA:1,(anonymous_1)
FNDA:1,(anonymous_2)
FNDA:0,(anonymous_3)
FNDA:0,(anonymous_4)
FNDA:0,(anonymous_5)
FNDA:4,(anonymous_6)
FNDA:8,get
FNDA:1,(anonymous_8)
DA:18,1
DA:20,1
DA:21,0
DA:22,0
DA:23,0
DA:24,0
DA:25,0
DA:27,0
DA:28,0
DA:31,0
DA:32,0
DA:33,0
DA:36,0
DA:39,0
DA:40,0
DA:41,0
DA:44,1
DA:45,4
DA:47,4
DA:48,1
DA:49,8
DA:50,8
DA:52,0
DA:56,8
DA:57,4
DA:59,4
DA:63,0
DA:64,0
DA:69,4
DA:73,4
DA:74,4
DA:77,1
DA:78,1
DA:79,1
DA:82,0
DA:86,1
LF:36
LH:18
BRDA:20,1,0,0
BRDA:20,1,1,1
BRDA:25,2,0,0
BRDA:25,2,1,0
BRDA:28,3,0,0
BRDA:28,3,1,0
BRDA:32,4,0,0
BRDA:32,4,1,0
BRDA:32,4,2,0
BRDA:33,5,0,0
BRDA:33,5,1,0
BRDA:39,6,0,0
BRDA:39,6,1,0
BRDA:40,7,0,0
BRDA:40,7,1,0
BRDA:40,7,2,0
BRDA:50,8,0,0
BRDA:50,8,1,8
BRDA:56,9,0,4
BRDA:56,9,1,4
BRDA:57,10,0,4
BRDA:57,10,1,0
BRDA:57,11,0,4
BRDA:57,11,1,4
BRDA:74,12,0,4
BRDA:74,12,1,4
BRDA:78,13,0,1
BRDA:78,13,1,0
BRF:28
BRH:10
end_of_record
TN:
SF:src/Registry.ts
FN:1,(anonymous_1)
FN:8,(anonymous_2)
FN:3,pullFromArray
FN:25,(anonymous_4)
FN:29,Registry
FN:33,(anonymous_6)
FN:50,(anonymous_7)
FN:60,(anonymous_8)
FN:61,(anonymous_9)
FNF:9
FNH:8
FNDA:1,(anonymous_1)
FNDA:1,(anonymous_2)
FNDA:7,pullFromArray
FNDA:1,(anonymous_4)
FNDA:1,Registry
FNDA:12,(anonymous_6)
FNDA:7,(anonymous_7)
FNDA:7,(anonymous_8)
FNDA:0,(anonymous_9)
DA:3,1
DA:4,7
DA:5,7
DA:7,7
DA:8,7
DA:11,7
DA:25,1
DA:26,1
DA:29,1
DA:30,1
DA:33,1
DA:34,12
DA:35,12
DA:37,12
DA:38,12
DA:39,11
DA:43,1
DA:44,1
DA:47,0
DA:50,1
DA:51,7
DA:52,7
DA:57,7
DA:59,7
DA:61,7
DA:62,7
DA:63,7
DA:67,1
DA:69,1
LF:29
LH:28
BRDA:38,1,0,11
BRDA:38,1,1,1
BRDA:43,2,0,1
BRDA:43,2,1,0
BRDA:57,3,0,0
BRDA:57,3,1,7
BRF:6
BRH:4
end_of_record
TN:
SF:src/watcher.ts
FN:1,(anonymous_1)
FN:8,(anonymous_2)
FN:16,(anonymous_3)
FN:26,clone
FN:27,map
FN:35,copy
FN:50,getNodeID
FN:58,indexOf
FN:72,searchSubTree
FN:75,resolveConflicts
FN:86,findMutations
FN:182,getChangeDetector
FN:185,detectChanges
FN:196,checkChanges
FN:198,(anonymous_15)
FN:202,(anonymous_16)
FN:212,startTimer
FN:216,watch
FN:227,(anonymous_19)
FNF:19
FNH:19
FNDA:1,(anonymous_1)
FNDA:1,(anonymous_2)
FNDA:1,(anonymous_3)
FNDA:4,clone
FNDA:10,map
FNDA:10,copy
FNDA:6,getNodeID
FNDA:6,indexOf
FNDA:3,searchSubTree
FNDA:6,resolveConflicts
FNDA:3,findMutations
FNDA:2,getChangeDetector
FNDA:3,detectChanges
FNDA:3,checkChanges
FNDA:3,(anonymous_15)
FNDA:2,(anonymous_16)
FNDA:4,startTimer
FNDA:2,watch
FNDA:2,(anonymous_19)
DA:2,1
DA:3,1
DA:14,1
DA:16,1
DA:26,1
DA:27,1
DA:28,10
DA:29,10
DA:30,6
DA:32,10
DA:35,1
DA:36,10
DA:39,10
DA:40,10
DA:42,10
DA:44,4
DA:47,1
DA:48,1
DA:50,1
DA:51,6
DA:52,6
DA:53,5
DA:55,6
DA:58,1
DA:59,6
DA:60,0
DA:61,0
DA:64,6
DA:72,1
DA:73,3
DA:75,1
DA:76,6
DA:77,6
DA:78,6
DA:79,6
DA:80,0
DA:81,0
DA:82,0
DA:86,1
DA:87,3
DA:88,3
DA:89,3
DA:90,3
DA:91,3
DA:92,3
DA:93,3
DA:94,3
DA:95,3
DA:96,3
DA:97,3
DA:98,3
DA:99,3
DA:100,3
DA:101,3
DA:102,9
DA:103,9
DA:104,9
DA:105,9
DA:106,3
DA:107,0
DA:109,3
DA:110,0
DA:112,3
DA:113,3
DA:116,6
DA:117,6
DA:118,2
DA:119,2
DA:121,6
DA:122,6
DA:123,6
DA:124,6
DA:125,6
DA:129,6
DA:132,0
DA:138,6
DA:141,6
DA:142,0
DA:143,0
DA:144,0
DA:145,0
DA:149,0
DA:152,0
DA:158,0
DA:161,9
DA:162,6
DA:166,3
DA:167,3
DA:180,1
DA:182,1
DA:183,2
DA:185,2
DA:186,3
DA:187,3
DA:188,3
DA:189,2
DA:194,1
DA:196,1
DA:197,3
DA:198,3
DA:199,3
DA:200,3
DA:201,3
DA:202,2
DA:203,2
DA:207,3
DA:208,3
DA:212,1
DA:213,4
DA:216,1
DA:217,2
DA:222,2
DA:223,2
DA:224,1
DA:226,2
DA:228,2
DA:229,2
DA:230,2
DA:234,1
LF:119
LH:104
BRDA:16,1,0,1
BRDA:16,1,1,1
BRDA:39,2,0,10
BRDA:39,2,1,0
BRDA:51,3,0,6
BRDA:51,3,1,5
BRDA:52,4,0,5
BRDA:52,4,1,1
BRDA:60,5,0,0
BRDA:60,5,1,0
BRDA:60,6,0,0
BRDA:60,6,1,0
BRDA:90,7,0,3
BRDA:90,7,1,0
BRDA:101,8,0,12
BRDA:101,8,1,3
BRDA:104,9,0,9
BRDA:104,9,1,3
BRDA:105,10,0,3
BRDA:105,10,1,6
BRDA:106,11,0,0
BRDA:106,11,1,3
BRDA:109,12,0,0
BRDA:109,12,1,3
BRDA:109,13,0,3
BRDA:109,13,1,3
BRDA:109,13,2,3
BRDA:117,14,0,2
BRDA:117,14,1,4
BRDA:121,15,0,6
BRDA:121,15,1,0
BRDA:122,16,0,6
BRDA:122,16,1,0
BRDA:124,17,0,6
BRDA:124,17,1,0
BRDA:141,18,0,0
BRDA:141,18,1,6
BRDA:141,19,0,6
BRDA:141,19,1,0
BRDA:142,20,0,0
BRDA:142,20,1,0
BRDA:144,21,0,0
BRDA:144,21,1,0
BRDA:161,22,0,6
BRDA:161,22,1,3
BRDA:188,23,0,2
BRDA:188,23,1,1
BRDA:188,24,0,3
BRDA:188,24,1,1
BRDA:201,25,0,2
BRDA:201,25,1,1
BRDA:207,26,0,3
BRDA:207,26,1,0
BRDA:223,27,0,1
BRDA:223,27,1,1
BRDA:229,28,0,2
BRDA:229,28,1,0
BRF:57
BRH:38
end_of_record
TN:
SF:src/node.ts
FN:1,(anonymous_1)
FN:8,(anonymous_2)
FN:3,(anonymous_3)
FN:25,load
FN:70,normalize
FNF:5
FNH:5
FNDA:1,(anonymous_1)
FNDA:1,(anonymous_2)
FNDA:1,(anonymous_3)
FNDA:1,load
FNDA:2,normalize
DA:3,1
DA:4,1
DA:7,1
DA:9,1
DA:10,0
DA:13,1
DA:25,1
DA:40,1
DA:41,1
DA:42,1
DA:43,1
DA:47,1
DA:48,1
DA:53,1
DA:55,1
DA:56,1
DA:59,1
DA:62,1
DA:63,1
DA:70,1
DA:71,2
DA:75,2
DA:78,2
DA:79,1
LF:24
LH:23
BRDA:7,1,0,1
BRDA:7,1,1,1
BRDA:9,2,0,0
BRDA:9,2,1,1
BRDA:40,3,0,1
BRDA:40,3,1,0
BRDA:40,4,0,1
BRDA:40,4,1,1
BRDA:42,5,0,1
BRDA:42,5,1,0
BRDA:71,6,0,2
BRDA:71,6,1,0
BRF:12
BRH:8
end_of_record