TN:
SF:/Users/kitsonk/github/parser/_build/src/parser.js
FN:1,(anonymous_1)
FN:8,(anonymous_2)
FN:24,instantiateParserObject
FN:59,dereferenceParserObject
FN:68,observationCallback
FN:71,(anonymous_6)
FN:76,(anonymous_7)
FN:85,watcherCallback
FN:86,(anonymous_9)
FN:97,watch
FN:113,(anonymous_11)
FN:125,register
FN:129,(anonymous_13)
FN:150,(anonymous_14)
FN:160,(anonymous_15)
FN:167,byId
FN:171,byNode
FN:175,removeObject
FN:179,parse
FN:185,(anonymous_20)
FN:187,(anonymous_21)
FN:187,(anonymous_22)
FNF:22
FNH:19
FNDA:1,(anonymous_1)
FNDA:1,(anonymous_2)
FNDA:12,instantiateParserObject
FNDA:10,dereferenceParserObject
FNDA:0,observationCallback
FNDA:0,(anonymous_6)
FNDA:0,(anonymous_7)
FNDA:1,watcherCallback
FNDA:3,(anonymous_9)
FNDA:1,watch
FNDA:1,(anonymous_11)
FNDA:8,register
FNDA:2,(anonymous_13)
FNDA:12,(anonymous_14)
FNDA:7,(anonymous_15)
FNDA:1,byId
FNDA:2,byNode
FNDA:10,removeObject
FNDA:5,parse
FNDA:5,(anonymous_20)
FNDA:9,(anonymous_21)
FNDA:9,(anonymous_22)
DA:1,1
DA:2,1
DA:3,1
DA:5,1
DA:6,1
DA:9,1
DA:10,1
DA:11,1
DA:12,1
DA:13,1
DA:15,1
DA:16,1
DA:17,1
DA:18,1
DA:19,1
DA:24,1
DA:25,12
DA:26,12
DA:27,12
DA:28,12
DA:29,12
DA:30,12
DA:31,12
DA:32,11
DA:33,11
DA:34,4
DA:35,4
DA:38,1
DA:41,10
DA:42,10
DA:43,10
DA:44,4
DA:45,4
DA:46,4
DA:49,10
DA:51,11
DA:59,1
DA:60,10
DA:61,4
DA:63,10
DA:64,10
DA:65,10
DA:68,1
DA:69,0
DA:70,0
DA:71,0
DA:72,0
DA:73,0
DA:74,0
DA:75,0
DA:76,0
DA:77,0
DA:78,0
DA:85,1
DA:86,1
DA:87,3
DA:88,3
DA:90,3
DA:91,0
DA:95,1
DA:96,1
DA:97,1
DA:98,1
DA:99,1
DA:100,1
DA:102,1
DA:103,0
DA:104,0
DA:109,1
DA:110,1
DA:112,1
DA:114,1
DA:115,0
DA:116,0
DA:118,1
DA:119,1
DA:124,1
DA:125,1
DA:126,8
DA:127,8
DA:128,8
DA:129,1
DA:130,2
DA:131,0
DA:133,2
DA:134,1
DA:137,1
DA:139,7
DA:140,6
DA:143,1
DA:145,7
DA:146,7
DA:147,1
DA:148,1
DA:150,7
DA:151,12
DA:152,7
DA:154,5
DA:155,5
DA:156,4
DA:159,7
DA:161,7
DA:166,1
DA:167,1
DA:168,1
DA:170,1
DA:171,1
DA:172,2
DA:174,1
DA:175,1
DA:176,10
DA:178,1
DA:179,1
DA:180,5
DA:181,5
DA:182,5
DA:184,5
DA:185,5
DA:186,5
DA:187,9
DA:188,9
DA:189,8
DA:190,7
DA:193,4
DA:195,5
DA:197,1
LF:126
LH:110
BRDA:2,1,0,0
BRDA:2,1,1,1
BRDA:2,2,0,1
BRDA:2,2,1,0
BRDA:3,3,0,0
BRDA:3,3,1,0
BRDA:5,4,0,1
BRDA:5,4,1,0
BRDA:5,5,0,1
BRDA:5,5,1,1
BRDA:29,6,0,12
BRDA:29,6,1,0
BRDA:29,7,0,12
BRDA:29,7,1,12
BRDA:31,8,0,11
BRDA:31,8,1,1
BRDA:33,9,0,4
BRDA:33,9,1,7
BRDA:43,10,0,4
BRDA:43,10,1,6
BRDA:45,11,0,4
BRDA:45,11,1,0
BRDA:60,12,0,4
BRDA:60,12,1,6
BRDA:60,13,0,10
BRDA:60,13,1,10
BRDA:60,13,2,4
BRDA:63,14,0,10
BRDA:63,14,1,0
BRDA:63,15,0,10
BRDA:63,15,1,10
BRDA:72,16,0,0
BRDA:72,16,1,0
BRDA:77,17,0,0
BRDA:77,17,1,0
BRDA:87,18,0,3
BRDA:87,18,1,0
BRDA:90,19,0,0
BRDA:90,19,1,3
BRDA:98,20,0,0
BRDA:98,20,1,1
BRDA:99,21,0,1
BRDA:99,21,1,0
BRDA:102,22,0,0
BRDA:102,22,1,1
BRDA:102,23,0,1
BRDA:102,23,1,0
BRDA:109,24,0,1
BRDA:109,24,1,0
BRDA:109,25,0,1
BRDA:109,25,1,1
BRDA:114,26,0,0
BRDA:114,26,1,1
BRDA:118,27,0,1
BRDA:118,27,1,0
BRDA:126,28,0,8
BRDA:126,28,1,8
BRDA:128,29,0,1
BRDA:128,29,1,7
BRDA:128,30,0,8
BRDA:128,30,1,2
BRDA:133,31,0,1
BRDA:133,31,1,1
BRDA:133,32,0,2
BRDA:133,32,1,1
BRDA:134,33,0,1
BRDA:134,33,1,0
BRDA:139,34,0,6
BRDA:139,34,1,1
BRDA:145,35,0,7
BRDA:145,35,1,0
BRDA:146,36,0,1
BRDA:146,36,1,6
BRDA:148,37,0,1
BRDA:148,37,1,0
BRDA:151,38,0,7
BRDA:151,38,1,5
BRDA:155,39,0,4
BRDA:155,39,1,1
BRDA:155,40,0,5
BRDA:155,40,1,4
BRDA:180,41,0,5
BRDA:180,41,1,5
BRDA:180,41,2,0
BRDA:181,42,0,5
BRDA:181,42,1,0
BRDA:189,43,0,7
BRDA:189,43,1,1
BRF:88
BRH:67
end_of_record
TN:
SF:/Users/kitsonk/github/parser/_build/src/has.js
FN:1,(anonymous_1)
FN:8,(anonymous_2)
FN:12,(anonymous_3)
FN:17,(anonymous_4)
FN:20,(anonymous_5)
FN:30,(anonymous_6)
FN:33,get
FN:59,(anonymous_8)
FNF:8
FNH:5
FNDA:1,(anonymous_1)
FNDA:1,(anonymous_2)
FNDA:0,(anonymous_3)
FNDA:0,(anonymous_4)
FNDA:0,(anonymous_5)
FNDA:4,(anonymous_6)
FNDA:8,get
FNDA:1,(anonymous_8)
DA:1,1
DA:2,1
DA:3,1
DA:5,1
DA:6,1
DA:10,1
DA:11,1
DA:12,0
DA:13,0
DA:14,0
DA:15,0
DA:16,0
DA:17,0
DA:18,0
DA:20,0
DA:21,0
DA:22,0
DA:24,0
DA:26,0
DA:27,0
DA:28,0
DA:30,1
DA:31,4
DA:32,4
DA:33,1
DA:34,8
DA:35,8
DA:37,0
DA:41,8
DA:42,4
DA:44,4
DA:48,0
DA:49,0
DA:53,4
DA:56,4
DA:57,4
DA:59,1
DA:60,1
DA:61,1
DA:64,0
DA:67,1
LF:41
LH:23
BRDA:2,1,0,0
BRDA:2,1,1,1
BRDA:2,2,0,1
BRDA:2,2,1,0
BRDA:3,3,0,0
BRDA:3,3,1,0
BRDA:5,4,0,1
BRDA:5,4,1,0
BRDA:5,5,0,1
BRDA:5,5,1,1
BRDA:11,6,0,0
BRDA:11,6,1,1
BRDA:16,7,0,0
BRDA:16,7,1,0
BRDA:18,8,0,0
BRDA:18,8,1,0
BRDA:21,9,0,0
BRDA:21,9,1,0
BRDA:21,9,2,0
BRDA:22,10,0,0
BRDA:22,10,1,0
BRDA:26,11,0,0
BRDA:26,11,1,0
BRDA:27,12,0,0
BRDA:27,12,1,0
BRDA:27,12,2,0
BRDA:35,13,0,0
BRDA:35,13,1,8
BRDA:41,14,0,4
BRDA:41,14,1,4
BRDA:42,15,0,4
BRDA:42,15,1,0
BRDA:42,16,0,4
BRDA:42,16,1,4
BRDA:57,17,0,4
BRDA:57,17,1,4
BRDA:60,18,0,1
BRDA:60,18,1,0
BRF:38
BRH:20
end_of_record
TN:
SF:/Users/kitsonk/github/parser/_build/src/Registry.js
FN:1,(anonymous_1)
FN:8,(anonymous_2)
FN:9,pullFromArray
FN:17,(anonymous_4)
FN:18,Registry
FN:22,(anonymous_6)
FN:39,(anonymous_7)
FN:47,(anonymous_8)
FN:48,(anonymous_9)
FNF:9
FNH:8
FNDA:1,(anonymous_1)
FNDA:1,(anonymous_2)
FNDA:7,pullFromArray
FNDA:1,(anonymous_4)
FNDA:1,Registry
FNDA:12,(anonymous_6)
FNDA:7,(anonymous_7)
FNDA:7,(anonymous_8)
FNDA:0,(anonymous_9)
DA:1,1
DA:2,1
DA:3,1
DA:5,1
DA:6,1
DA:9,1
DA:10,7
DA:11,7
DA:12,7
DA:13,7
DA:15,7
DA:17,1
DA:18,1
DA:19,1
DA:20,1
DA:22,1
DA:23,12
DA:24,12
DA:25,12
DA:27,12
DA:28,12
DA:29,12
DA:30,12
DA:31,11
DA:34,1
DA:35,1
DA:37,0
DA:39,1
DA:40,7
DA:41,7
DA:45,7
DA:46,7
DA:48,7
DA:49,7
DA:50,7
DA:54,1
DA:56,1
LF:37
LH:36
BRDA:2,1,0,0
BRDA:2,1,1,1
BRDA:2,2,0,1
BRDA:2,2,1,0
BRDA:3,3,0,0
BRDA:3,3,1,0
BRDA:5,4,0,1
BRDA:5,4,1,0
BRDA:5,5,0,1
BRDA:5,5,1,1
BRDA:30,6,0,11
BRDA:30,6,1,1
BRDA:34,7,0,1
BRDA:34,7,1,0
BRDA:45,8,0,0
BRDA:45,8,1,7
BRF:16
BRH:14
end_of_record
TN:
SF:/Users/kitsonk/github/parser/_build/src/watcher.js
FN:1,(anonymous_1)
FN:8,(anonymous_2)
FN:12,(anonymous_3)
FN:17,clone
FN:18,map
FN:25,copy
FN:38,getNodeID
FN:45,indexOf
FN:53,searchSubTree
FN:55,resolveConflicts
FN:65,findMutations
FN:148,getChangeDetector
FN:150,detectChanges
FN:159,checkChanges
FN:161,(anonymous_15)
FN:165,(anonymous_16)
FN:174,startTimer
FN:177,watch
FN:188,(anonymous_19)
FNF:19
FNH:19
FNDA:1,(anonymous_1)
FNDA:1,(anonymous_2)
FNDA:1,(anonymous_3)
FNDA:4,clone
FNDA:10,map
FNDA:10,copy
FNDA:6,getNodeID
FNDA:6,indexOf
FNDA:3,searchSubTree
FNDA:6,resolveConflicts
FNDA:3,findMutations
FNDA:2,getChangeDetector
FNDA:3,detectChanges
FNDA:3,checkChanges
FNDA:3,(anonymous_15)
FNDA:2,(anonymous_16)
FNDA:4,startTimer
FNDA:2,watch
FNDA:2,(anonymous_19)
DA:1,1
DA:2,1
DA:3,1
DA:5,1
DA:6,1
DA:9,1
DA:10,1
DA:11,1
DA:12,1
DA:13,1
DA:14,1
DA:16,1
DA:17,1
DA:18,1
DA:19,10
DA:20,10
DA:21,6
DA:23,10
DA:25,1
DA:26,10
DA:29,10
DA:30,10
DA:32,10
DA:34,4
DA:36,1
DA:37,1
DA:38,1
DA:39,6
DA:40,6
DA:41,5
DA:43,6
DA:45,1
DA:46,6
DA:47,0
DA:48,0
DA:51,6
DA:53,1
DA:54,3
DA:55,1
DA:56,6
DA:57,6
DA:58,6
DA:59,6
DA:60,0
DA:61,0
DA:62,0
DA:65,1
DA:66,3
DA:67,3
DA:68,3
DA:69,3
DA:70,3
DA:71,3
DA:72,3
DA:73,3
DA:74,3
DA:75,3
DA:76,3
DA:77,3
DA:78,3
DA:79,3
DA:80,3
DA:81,9
DA:82,9
DA:83,9
DA:84,9
DA:85,3
DA:86,0
DA:88,3
DA:89,0
DA:91,3
DA:92,3
DA:95,6
DA:96,6
DA:97,2
DA:98,2
DA:100,6
DA:101,6
DA:102,6
DA:103,6
DA:104,6
DA:108,6
DA:111,0
DA:117,6
DA:119,6
DA:120,0
DA:121,0
DA:122,0
DA:123,0
DA:127,0
DA:130,0
DA:136,0
DA:139,9
DA:140,6
DA:144,3
DA:145,3
DA:147,1
DA:148,1
DA:149,2
DA:150,2
DA:151,3
DA:152,3
DA:153,3
DA:154,2
DA:158,1
DA:159,1
DA:160,3
DA:161,3
DA:162,3
DA:163,3
DA:164,3
DA:165,2
DA:166,2
DA:170,3
DA:171,3
DA:174,1
DA:175,4
DA:177,1
DA:178,2
DA:183,2
DA:184,2
DA:185,1
DA:187,2
DA:189,2
DA:190,2
DA:191,2
DA:196,1
LF:127
LH:112
BRDA:2,1,0,0
BRDA:2,1,1,1
BRDA:2,2,0,1
BRDA:2,2,1,0
BRDA:3,3,0,0
BRDA:3,3,1,0
BRDA:5,4,0,1
BRDA:5,4,1,0
BRDA:5,5,0,1
BRDA:5,5,1,1
BRDA:15,6,0,1
BRDA:15,6,1,1
BRDA:29,7,0,10
BRDA:29,7,1,0
BRDA:39,8,0,6
BRDA:39,8,1,5
BRDA:40,9,0,5
BRDA:40,9,1,1
BRDA:47,10,0,0
BRDA:47,10,1,0
BRDA:47,11,0,0
BRDA:47,11,1,0
BRDA:69,12,0,3
BRDA:69,12,1,0
BRDA:80,13,0,12
BRDA:80,13,1,3
BRDA:83,14,0,9
BRDA:83,14,1,3
BRDA:84,15,0,3
BRDA:84,15,1,6
BRDA:85,16,0,0
BRDA:85,16,1,3
BRDA:88,17,0,0
BRDA:88,17,1,3
BRDA:88,18,0,3
BRDA:88,18,1,3
BRDA:88,18,2,3
BRDA:96,19,0,2
BRDA:96,19,1,4
BRDA:100,20,0,6
BRDA:100,20,1,0
BRDA:101,21,0,6
BRDA:101,21,1,0
BRDA:103,22,0,6
BRDA:103,22,1,0
BRDA:119,23,0,0
BRDA:119,23,1,6
BRDA:119,24,0,6
BRDA:119,24,1,0
BRDA:120,25,0,0
BRDA:120,25,1,0
BRDA:122,26,0,0
BRDA:122,26,1,0
BRDA:139,27,0,6
BRDA:139,27,1,3
BRDA:153,28,0,2
BRDA:153,28,1,1
BRDA:153,29,0,3
BRDA:153,29,1,1
BRDA:164,30,0,2
BRDA:164,30,1,1
BRDA:170,31,0,3
BRDA:170,31,1,0
BRDA:184,32,0,1
BRDA:184,32,1,1
BRDA:190,33,0,2
BRDA:190,33,1,0
BRF:67
BRH:48
end_of_record
TN:
SF:/Users/kitsonk/github/parser/_build/src/node.js
FN:1,(anonymous_1)
FN:8,(anonymous_2)
FN:9,(anonymous_3)
FN:27,load
FN:67,normalize
FNF:5
FNH:5
FNDA:1,(anonymous_1)
FNDA:1,(anonymous_2)
FNDA:1,(anonymous_3)
FNDA:1,load
FNDA:2,normalize
DA:1,1
DA:2,1
DA:3,1
DA:5,1
DA:6,1
DA:9,1
DA:10,1
DA:12,1
DA:13,1
DA:14,0
DA:16,1
DA:27,1
DA:41,1
DA:42,1
DA:43,1
DA:44,1
DA:47,1
DA:48,1
DA:52,1
DA:53,1
DA:54,1
DA:57,1
DA:59,1
DA:61,1
DA:67,1
DA:68,2
DA:72,2
DA:74,2
DA:76,1
LF:29
LH:28
BRDA:2,1,0,0
BRDA:2,1,1,1
BRDA:2,2,0,1
BRDA:2,2,1,0
BRDA:3,3,0,0
BRDA:3,3,1,0
BRDA:5,4,0,1
BRDA:5,4,1,0
BRDA:5,5,0,1
BRDA:5,5,1,1
BRDA:12,6,0,1
BRDA:12,6,1,1
BRDA:13,7,0,0
BRDA:13,7,1,1
BRDA:41,8,0,1
BRDA:41,8,1,0
BRDA:41,9,0,1
BRDA:41,9,1,1
BRDA:43,10,0,1
BRDA:43,10,1,0
BRDA:68,11,0,2
BRDA:68,11,1,0
BRF:22
BRH:18
end_of_record
